[Message:   BepInEx] BepInEx 5.4.22.0 - Lethal Company (21.11.2023 15:56:37)
[Info   :   BepInEx] Running under Unity v2022.3.9.15351836
[Info   :   BepInEx] CLR runtime version: 4.0.30319.42000
[Info   :   BepInEx] Supports SRE: True
[Info   :   BepInEx] System platform: Bits64, Windows
[Message:   BepInEx] Preloader started
[Info   :   BepInEx] Loaded 1 patcher method from [BepInEx.Preloader 5.4.22.0]
[Info   :   BepInEx] Loaded 1 patcher method from [BepInEx.MonoMod.HookGenPatcher 1.2.1.0]
[Info   :   BepInEx] 2 patcher plugins loaded
[Info   :HookGenPatcher] Previous MMHOOK location found. Using that location to save instead.
[Info   :HookGenPatcher] Already ran for this version, reusing that file.
[Info   :   BepInEx] Patching [UnityEngine.CoreModule] with [BepInEx.Chainloader]
[Message:   BepInEx] Preloader finished
[Message:   BepInEx] Chainloader ready
[Message:   BepInEx] Chainloader started
[Info   :   BepInEx] 16 plugins to load
[Warning:   BepInEx] Skipping [MoreCompany 1.7.2] because a newer version exists (MoreCompany 1.7.2)
[Info   :   BepInEx] Loading [BrutalCompanyPlus 3.5.1]
[Warning:BrutalCompanyPlus] Loaded Brutal Company Plus and applying patches.
[Error  :   BepInEx] Could not load [LethalThings 0.8.3] because it has missing dependencies: evaisa.lethallib
[Info   :   BepInEx] Loading [ReservedItemSlotCore 1.4.4]
[Info   :ReservedItemSlotCore] BindingConfigs
[Info   :ReservedItemSlotCore] ReservedItemSlotCore loaded
[Info   :   BepInEx] Loading [ReservedFlashlightSlot 1.4.5]
[Info   :ReservedFlashlightSlot] BindingConfigs
[Info   :ReservedFlashlightSlot] ReservedFlashlightSlot loaded
[Info   :   BepInEx] Loading [ReservedWalkieSlot 1.4.6]
[Info   :ReservedWalkieSlot] BindingConfigs
[Info   :ReservedWalkieSlot] ReservedWalkieSlot loaded
[Info   :   BepInEx] Loading [BoomboxController 1.1.2]
[Info   :BoomboxController]  /$$$$$$$                                    /$$$$$$$                             /$$$$$$                        /$$                         /$$ /$$                    
[Info   :BoomboxController] | $$__  $$                                  | $$__  $$                           /$$__  $$                      | $$                        | $$| $$                    
[Info   :BoomboxController] | $$  \ $$  /$$$$$$   /$$$$$$  /$$$$$$/$$$$ | $$  \ $$  /$$$$$$  /$$   /$$      | $$  \__/  /$$$$$$  /$$$$$$$  /$$$$$$    /$$$$$$   /$$$$$$ | $$| $$  /$$$$$$   /$$$$$$ 
[Info   :BoomboxController] | $$$$$$$  /$$__  $$ /$$__  $$| $$_  $$_  $$| $$$$$$$  /$$__  $$|  $$ /$$/      | $$       /$$__  $$| $$__  $$|_  $$_/   /$$__  $$ /$$__  $$| $$| $$ /$$__  $$ /$$__  $$
[Info   :BoomboxController] | $$__  $$| $$  \ $$| $$  \ $$| $$ \ $$ \ $$| $$__  $$| $$  \ $$ \  $$$$/       | $$      | $$  \ $$| $$  \ $$  | $$    | $$  \__/| $$  \ $$| $$| $$| $$$$$$$$| $$  \__/
[Info   :BoomboxController] | $$  \ $$| $$  | $$| $$  | $$| $$ | $$ | $$| $$  \ $$| $$  | $$  >$$  $$       | $$    $$| $$  | $$| $$  | $$  | $$ /$$| $$      | $$  | $$| $$| $$| $$_____/| $$      
[Info   :BoomboxController] | $$$$$$$/|  $$$$$$/|  $$$$$$/| $$ | $$ | $$| $$$$$$$/|  $$$$$$/ /$$/\  $$      |  $$$$$$/|  $$$$$$/| $$  | $$  |  $$$$/| $$      |  $$$$$$/| $$| $$|  $$$$$$$| $$      
[Info   :BoomboxController] |_______/  \______/  \______/ |__/ |__/ |__/|_______/  \______/ |__/  \__/       \______/  \______/ |__/  |__/   \___/  |__/       \______/ |__/|__/ \_______/|__/      
[Info   :   BepInEx] Loading [LC_API 1.0.0]
[Warning:    LC_API] 
.____    _________           _____  __________ .___  
|    |   \_   ___ \         /  _  \ \______   \|   | 
|    |   /    \  \/        /  /_\  \ |     ___/|   | 
|    |___\     \____      /    |    \|    |    |   | 
|_______ \\______  /______\____|__  /|____|    |___| 
        \/       \//_____/        \/                 
                                                     
[Info   :    LC_API] LC_API Starting up..
[Info   :   BepInEx] Loading [MaskedEnemyRework 2.1.0]
[Info   :MaskedEnemyRework] Plugin MaskedEnemyRework is loaded! Woohoo!
[Info   :   BepInEx] Loading [MoreCompany 1.7.2]
[Info   :MoreCompany] Loading MoreCompany...
[Info   :MoreCompany] Checking: D:\Games\misha\steamapps\common\Lethal Company\BepInEx\plugins/MoreCompanyCosmetics
[Info   :MoreCompany] Read settings and cosmetics
[Info   :MoreCompany] Loaded cosmetic: builtin.3dglasses from bundle
[Info   :MoreCompany] Loaded cosmetic: builtin.bunnyears from bundle
[Info   :MoreCompany] Loaded cosmetic: builtin.denimhat from bundle
[Info   :MoreCompany] Loaded cosmetic: builtin.fancyglasses from bundle
[Info   :MoreCompany] Loaded cosmetic: builtin.partyglasses from bundle
[Info   :MoreCompany] Loaded cosmetic: builtin.gunholster from bundle
[Info   :MoreCompany] Loaded cosmetic: builtin.hardhat from bundle
[Info   :MoreCompany] Loaded cosmetic: builtin.jesterhat from bundle
[Info   :MoreCompany] Loaded cosmetic: builtin.kittyears from bundle
[Info   :MoreCompany] Loaded cosmetic: builtin.mimemask from bundle
[Info   :MoreCompany] Loaded cosmetic: builtin.fancypants from bundle
[Info   :MoreCompany] Loaded cosmetic: builtin.outoforder from bundle
[Info   :MoreCompany] Loaded cosmetic: builtin.partyhat from bundle
[Info   :MoreCompany] Loaded cosmetic: builtin.plaguemask from bundle
[Info   :MoreCompany] Loaded cosmetic: builtin.propellerhat from bundle
[Info   :MoreCompany] Loaded cosmetic: builtin.eyeballs from bundle
[Info   :MoreCompany] Loaded cosmetic: builtin.rudolph from bundle
[Info   :MoreCompany] Loaded cosmetic: builtin.santahat from bundle
[Info   :MoreCompany] Loaded cosmetic: builtin.slimething from bundle
[Info   :MoreCompany] Loaded cosmetic: builtin.tophat from bundle
[Info   :MoreCompany] Loaded cosmetic: builtin.watch from bundle
[Info   :MoreCompany] Loading USER COSMETICS...
[Info   :MoreCompany] Loaded cosmetic: NiaNation.Absa from bundle
[Info   :MoreCompany] Loaded cosmetic: NiaNation.AbsaTail from bundle
[Info   :MoreCompany] Loaded cosmetic: NiaNation.AmongUs from bundle
[Info   :MoreCompany] Loaded cosmetic: NiaNation.BalloonBoyMask from bundle
[Info   :MoreCompany] Loaded cosmetic: NiaNation.BonnieMask from bundle
[Info   :MoreCompany] Loaded cosmetic: NiaNation.BreadbugHat from bundle
[Info   :MoreCompany] Loaded cosmetic: NiaNation.BucketHelm from bundle
[Info   :MoreCompany] Loaded cosmetic: NiaNation.BulborbHat from bundle
[Info   :MoreCompany] Loaded cosmetic: NiaNation.CalliHat from bundle
[Info   :MoreCompany] Loaded cosmetic: NiaNation.CalliopeMoriScythe from bundle
[Info   :MoreCompany] Loaded cosmetic: NiaNation.ChicaMask from bundle
[Info   :MoreCompany] Loaded cosmetic: NiaNation.DreamBreaker from bundle
[Info   :MoreCompany] Loaded cosmetic: NiaNation.FoxyMask from bundle
[Info   :MoreCompany] Loaded cosmetic: NiaNation.FreddyMask from bundle
[Info   :MoreCompany] Loaded cosmetic: NiaNation.IHeartRobloxHat from bundle
[Info   :MoreCompany] Loaded cosmetic: NiaNation.KickMeNote from bundle
[Info   :MoreCompany] Loaded cosmetic: NiaNation.MaleniaHat from bundle
[Info   :MoreCompany] Loaded cosmetic: NiaNation.MangleMask from bundle
[Info   :MoreCompany] Loaded cosmetic: NiaNation.NerdEmoji from bundle
[Info   :MoreCompany] Loaded cosmetic: NiaNation.NiaCoattail from bundle
[Info   :MoreCompany] Loaded cosmetic: NiaNation.NiaCoreCrystal from bundle
[Info   :MoreCompany] Loaded cosmetic: NiaNation.NiaHat from bundle
[Info   :MoreCompany] Loaded cosmetic: NiaNation.Pot from bundle
[Info   :MoreCompany] Loaded cosmetic: NiaNation.RanniHat from bundle
[Info   :MoreCompany] Loaded cosmetic: NiaNation.StrangeMask from bundle
[Info   :MoreCompany] Loaded cosmetic: NiaNation.SybilHat from bundle
[Info   :MoreCompany] Loaded cosmetic: NiaNation.SybilTail from bundle
[Info   :MoreCompany] Loaded cosmetic: NiaNation.Turters from bundle
[Info   :MoreCompany] Loaded MoreCompany FULLY
[Info   :   BepInEx] Loading [MoreEmotes-Sligili 1.2.2]
[Info   :MoreEmotes-Sligili] MoreEmotes loaded
[Info   :   BepInEx] Loading [Helmet_Cameras 2.1.5]
[Info   :Helmet_Cameras] Plugin Helmet_Cameras is loaded with version 2.1.5!
[Info   :Helmet_Cameras] --------Helmet camera patch done.---------
[Info   :   BepInEx] Loading [Flashlight 1.4.0]
[Info   :Flashlight] ------Flashlight done.------
[Info   :   BepInEx] Loading [Skinwalker Mod 1.0.8]
[Info   :RugbugRedfern.SkinwalkerMod] SKINWALKER MOD STARTING UP 1.0.8
[Info   :RugbugRedfern.SkinwalkerMod] VoiceEnabled_BaboonHawk VALUE LOADED FROM CONFIG: [True]
[Info   :RugbugRedfern.SkinwalkerMod] VoiceEnabled_Bracken VALUE LOADED FROM CONFIG: [True]
[Info   :RugbugRedfern.SkinwalkerMod] VoiceEnabled_BunkerSpider VALUE LOADED FROM CONFIG: [True]
[Info   :RugbugRedfern.SkinwalkerMod] VoiceEnabled_Centipede VALUE LOADED FROM CONFIG: [True]
[Info   :RugbugRedfern.SkinwalkerMod] VoiceEnabled_CoilHead VALUE LOADED FROM CONFIG: [True]
[Info   :RugbugRedfern.SkinwalkerMod] VoiceEnabled_EyelessDog VALUE LOADED FROM CONFIG: [True]
[Info   :RugbugRedfern.SkinwalkerMod] VoiceEnabled_ForestGiant VALUE LOADED FROM CONFIG: [False]
[Info   :RugbugRedfern.SkinwalkerMod] VoiceEnabled_GhostGirl VALUE LOADED FROM CONFIG: [True]
[Info   :RugbugRedfern.SkinwalkerMod] VoiceEnabled_GiantWorm VALUE LOADED FROM CONFIG: [False]
[Info   :RugbugRedfern.SkinwalkerMod] VoiceEnabled_HoardingBug VALUE LOADED FROM CONFIG: [True]
[Info   :RugbugRedfern.SkinwalkerMod] VoiceEnabled_Hygrodere VALUE LOADED FROM CONFIG: [False]
[Info   :RugbugRedfern.SkinwalkerMod] VoiceEnabled_Jester VALUE LOADED FROM CONFIG: [True]
[Info   :RugbugRedfern.SkinwalkerMod] VoiceEnabled_Masked VALUE LOADED FROM CONFIG: [True]
[Info   :RugbugRedfern.SkinwalkerMod] VoiceEnabled_Nutcracker VALUE LOADED FROM CONFIG: [True]
[Info   :RugbugRedfern.SkinwalkerMod] VoiceEnabled_SporeLizard VALUE LOADED FROM CONFIG: [True]
[Info   :RugbugRedfern.SkinwalkerMod] VoiceEnabled_Thumper VALUE LOADED FROM CONFIG: [True]
[Info   :RugbugRedfern.SkinwalkerMod] VoiceLineFrequency VALUE LOADED FROM CONFIG: [1]
[Info   :RugbugRedfern.SkinwalkerMod] Skinwalker Mod Object Initialized
[Info   :   BepInEx] Loading [Mimics 2.2.1]
[Info   :    Mimics] Plugin Mimics is loaded!
[Info   :   BepInEx] Loading [More Suits 1.4.1]
[Info   :More Suits] Plugin More Suits is loaded!
[Message:   BepInEx] Chainloader startup complete
[Info   :BrutalCompanyPlus] Attempting to Initialize BrutalPlus
[Warning:BrutalCompanyPlus] Brutal Plus is Awake
[Message:    LC_API] BundleAPI will now load all asset bundles...
[Message:    LC_API] BundleAPI got 1 AssetBundles to load!
[Message:    LC_API] Got asset for load: assets/diagetic.mixer
[Message:    LC_API] Loaded asset: Diagetic
[Message:    LC_API] BundleAPI finished loading all assets.
[Info   :    LC_API] LC_API Started!
[Info   :RugbugRedfern.SkinwalkerMod] Audio folder not present. Don't worry about it, it will be created automatically when you play with friends. (D:/Games/misha/steamapps/common/Lethal Company/Lethal Company_Data\..\Dissonance_Diagnostics)
[Info   :RugbugRedfern.SkinwalkerMod] Audio folder not present. Don't worry about it, it will be created automatically when you play with friends. (D:/Games/misha/steamapps/common/Lethal Company/Lethal Company_Data\..\Dissonance_Diagnostics)
[Info   :RugbugRedfern.SkinwalkerMod] Audio folder not present. Don't worry about it, it will be created automatically when you play with friends. (D:/Games/misha/steamapps/common/Lethal Company/Lethal Company_Data\..\Dissonance_Diagnostics)
[Info   :RugbugRedfern.SkinwalkerMod] Audio folder not present. Don't worry about it, it will be created automatically when you play with friends. (D:/Games/misha/steamapps/common/Lethal Company/Lethal Company_Data\..\Dissonance_Diagnostics)
[Info   :RugbugRedfern.SkinwalkerMod] Audio folder not present. Don't worry about it, it will be created automatically when you play with friends. (D:/Games/misha/steamapps/common/Lethal Company/Lethal Company_Data\..\Dissonance_Diagnostics)
